<?xml version="1.0" encoding="UTF-8"?>
<!-- Generated by org.testng.reporters.JUnitReportReporter -->
<testsuite hostname="shariq" failures="0" tests="1" name="selenium.testng_sample" time="0.009" errors="0" timestamp="2024-10-17T14:37:55 IST" skipped="0">
  <testcase classname="selenium.testng_sample" name="running" time="0.009"/>
  <system-out/>
</testsuite> <!-- selenium.testng_sample -->
